{"G:\\Program Files (x86)\\Matias\\UTN\\Desarrollo de Software\\Repositorios\\nodejs-jest-supertest\\src\\app.js": {"path":"G:\\Program Files (x86)\\Matias\\UTN\\Desarrollo de Software\\Repositorios\\nodejs-jest-supertest\\src\\app.js","statementMap":{"0":{"start":{"line":4,"column":12},"end":{"line":4,"column":21}},"1":{"start":{"line":6,"column":14},"end":{"line":6,"column":16}},"2":{"start":{"line":9,"column":0},"end":{"line":9,"column":24}},"3":{"start":{"line":13,"column":0},"end":{"line":15,"column":3}},"4":{"start":{"line":14,"column":2},"end":{"line":14,"column":19}},"5":{"start":{"line":17,"column":0},"end":{"line":19,"column":3}},"6":{"start":{"line":18,"column":2},"end":{"line":18,"column":30}},"7":{"start":{"line":21,"column":0},"end":{"line":28,"column":3}},"8":{"start":{"line":22,"column":33},"end":{"line":22,"column":41}},"9":{"start":{"line":23,"column":2},"end":{"line":23,"column":57}},"10":{"start":{"line":23,"column":30},"end":{"line":23,"column":57}},"11":{"start":{"line":25,"column":18},"end":{"line":25,"column":43}},"12":{"start":{"line":26,"column":2},"end":{"line":26,"column":22}},"13":{"start":{"line":27,"column":2},"end":{"line":27,"column":32}}},"fnMap":{"0":{"name":"(anonymous_0)","decl":{"start":{"line":13,"column":17},"end":{"line":13,"column":18}},"loc":{"start":{"line":13,"column":31},"end":{"line":15,"column":1}},"line":13},"1":{"name":"(anonymous_1)","decl":{"start":{"line":17,"column":18},"end":{"line":17,"column":19}},"loc":{"start":{"line":17,"column":32},"end":{"line":19,"column":1}},"line":17},"2":{"name":"(anonymous_2)","decl":{"start":{"line":21,"column":19},"end":{"line":21,"column":20}},"loc":{"start":{"line":21,"column":33},"end":{"line":28,"column":1}},"line":21}},"branchMap":{"0":{"loc":{"start":{"line":23,"column":2},"end":{"line":23,"column":57}},"type":"if","locations":[{"start":{"line":23,"column":2},"end":{"line":23,"column":57}},{"start":{"line":23,"column":2},"end":{"line":23,"column":57}}],"line":23},"1":{"loc":{"start":{"line":23,"column":6},"end":{"line":23,"column":28}},"type":"binary-expr","locations":[{"start":{"line":23,"column":6},"end":{"line":23,"column":12}},{"start":{"line":23,"column":16},"end":{"line":23,"column":28}}],"line":23}},"s":{"0":1,"1":1,"2":1,"3":1,"4":0,"5":1,"6":2,"7":1,"8":5,"9":5,"10":2,"11":3,"12":3,"13":3},"f":{"0":0,"1":2,"2":5},"b":{"0":[2,3],"1":[5,4]},"_coverageSchema":"1a1c01bbd47fc00a2c39e90264f33305004495a9","hash":"7a51da3d53c6610f1c700bc183be6c30e293216c"}
}
